<?xml version="1.0" encoding="UTF-8"?>
<testsuite name="co.ceiba.service.NotifyPersonServiceTest" tests="1" skipped="0" failures="0" errors="0" timestamp="2017-12-26T13:09:26" hostname="DESKTOP-BD43J8F" time="0.348">
  <properties/>
  <testcase name="notifyTest" classname="co.ceiba.service.NotifyPersonServiceTest" time="0.348"/>
  <system-out><![CDATA[]]></system-out>
  <system-err><![CDATA[]]></system-err>
</testsuite>
